<?xml version="1.0" encoding="UTF-8"?>
<!-- Generated by org.testng.reporters.JUnitReportReporter -->
<testsuite hostname="SatheeshChaganti" failures="0" tests="1" name="com.test.TestRunner" time="18.082" errors="0" timestamp="2024-04-05T17:26:23 IST" skipped="0">
  <testcase classname="com.test.TestRunner" name="runScenario" time="18.082"/>
  <system-out/>
</testsuite> <!-- com.test.TestRunner -->
