<?xml version="1.0" encoding="UTF-8"?>
<!-- Generated by org.testng.reporters.JUnitReportReporter -->
<testsuite hostname="SatheeshChaganti" failures="0" tests="1" name="com.test.TestRunner" time="17.797" errors="0" timestamp="2024-04-05T17:28:38 IST" skipped="0">
  <testcase classname="com.test.TestRunner" name="runScenario" time="17.797"/>
  <system-out/>
</testsuite> <!-- com.test.TestRunner -->
